<?xml version="1.0" encoding="UTF-8"?>
<!-- Generated by org.testng.reporters.JUnitReportReporter -->
<testsuite hostname="DESKTOP-76S6KTJ" failures="0" tests="6" name="RestAssured.RestAssured.FirstGetRequest" time="8.500" errors="0" timestamp="2024-08-14T14:11:02 IST" skipped="0">
  <testcase classname="RestAssured.RestAssured.FirstGetRequest" name="Puttestcase04" time="0.632"/>
  <testcase classname="RestAssured.RestAssured.FirstGetRequest" name="Posttestcase03" time="0.753"/>
  <testcase classname="RestAssured.RestAssured.FirstGetRequest" name="Patchtestcase05" time="0.867"/>
  <testcase classname="RestAssured.RestAssured.FirstGetRequest" name="Deletetestcase06" time="5.535"/>
  <testcase classname="RestAssured.RestAssured.FirstGetRequest" name="testcase01" time="0.337"/>
  <testcase classname="RestAssured.RestAssured.FirstGetRequest" name="Gettestcase02" time="0.376"/>
</testsuite> <!-- RestAssured.RestAssured.FirstGetRequest -->
